#
# A fatal error has been detected by the Java Runtime Environment:
#
#  SIGSEGV (0xb) at pc=0x0000000109c2317c, pid=6200, tid=18691
#
# JRE version: Java(TM) SE Runtime Environment (8.0_31-b13) (build 1.8.0_31-b13)
# Java VM: Java HotSpot(TM) 64-Bit Server VM (25.31-b07 mixed mode bsd-amd64 compressed oops)
# Problematic frame:
# V  [libjvm.dylib+0x42317c]
#
# Failed to write core dump. Core dumps have been disabled. To enable core dumping, try "ulimit -c unlimited" before starting Java again
#
# If you would like to submit a bug report, please visit:
#   http://bugreport.java.com/bugreport/crash.jsp
#

---------------  T H R E A D  ---------------

Current thread (0x00007f95c5033800):  JavaThread "JDWP Transport Listener: dt_socket" daemon [_thread_in_vm, id=18691, stack(0x0000000127e59000,0x0000000127f59000)]

siginfo: si_signo: 11 (SIGSEGV), si_code: 0 (unknown), si_addr: 0x0000000000000000

Registers:
RAX=0x0000000000000001, RBX=0x0000000127f58a8b, RCX=0x0000000109fd7c70, RDX=0x0000000127f58a8b
RSP=0x0000000127f589d0, RBP=0x0000000127f589e0, RSI=0x00007f95c5033800, RDI=0x6c706d4972650002
R8 =0x0000000000000002, R9 =0x00007f95c3e00000, R10=0x0000000000000020, R11=0x00007f95c3e00000
R12=0x00007f95c5033800, R13=0x6c706d4972650002, R14=0x6c706d4972650002, R15=0x00007f95c3d1f180
RIP=0x0000000109c2317c, EFLAGS=0x0000000000010202, ERR=0x0000000000000000
  TRAPNO=0x000000000000000d

Top of Stack: (sp=0x0000000127f589d0)
0x0000000127f589d0:   0000000127f58a8b 0000000127f58a8b
0x0000000127f589e0:   0000000127f58a40 0000000109b3519e
0x0000000127f589f0:   00007f95c5033800 0000000000000000
0x0000000127f58a00:   0000000000000000 0000000000000000
0x0000000127f58a10:   00007f95c5033800 00007f95c5033800
0x0000000127f58a20:   0000000127f58a8b 0000000127f58a90
0x0000000127f58a30:   6c706d4972650002 000000000000000a
0x0000000127f58a40:   0000000127f58a60 000000010a8427dc
0x0000000127f58a50:   0000000000000001 0000000127f58b08
0x0000000127f58a60:   0000000127f58ad0 000000010a827263
0x0000000127f58a70:   0000000127f58aa0 00007f95c3e39cc0
0x0000000127f58a80:   0000000b00000032 0000000a00f58b08
0x0000000127f58a90:   0000000000000000 0000000000000000
0x0000000127f58aa0:   0000000000000000 0000000127f58c90
0x0000000127f58ab0:   000000010a849eca 00007f95c5817770
0x0000000127f58ac0:   0000000127f58b08 000000010a855588
0x0000000127f58ad0:   0000000127f58ae0 000000010a82735c
0x0000000127f58ae0:   0000000127f58d00 000000010a8308f6
0x0000000127f58af0:   0000113e00000013 00000000000f0200
0x0000000127f58b00:   00007f95c580aca0 00007f95c3e3a25a
0x0000000127f58b10:   00007f95000000ee 00007f95c3e39b50
0x0000000127f58b20:   00007f950000012c 0000000127f58b58
0x0000000127f58b30:   00007f95c3e39b50 00007f0000000000
0x0000000127f58b40:   0000113e0000001c 00007fff00009f80
0x0000000127f58b50:   0000000127f58b58 957f00000b000000
0x0000000127f58b60:   0f000000d09ae3c3 6152657461657263
0x0000000127f58b70:   006b636172546563 67726f4c28280000
0x0000000127f58b80:   6e2f70756f736a2f 646f4e2f7365646f
0x0000000127f58b90:   617461644c293b65 617254656361522f
0x0000000127f58ba0:   00000000003b6b63 c3957f00000a0000
0x0000000127f58bb0:   3c06000000387ec1 0000003e74696e69
0x0000000127f58bc0:   0000000056292803 957f000001000000 

Instructions: (pc=0x0000000109c2317c)
0x0000000109c2315c:   40 48 48 85 c0 75 e0 30 c0 0f b6 c0 5d c3 31 c0
0x0000000109c2316c:   5d c3 55 48 89 e5 53 48 83 ec 08 48 85 ff 74 24
0x0000000109c2317c:   48 8b 1f 48 85 db 74 1c 48 83 fb 37 74 16 48 8b
0x0000000109c2318c:   03 48 89 df ff 50 10 84 c0 b8 00 00 00 00 48 0f 

Register to memory mapping:

RAX=0x0000000000000001 is an unknown value
RBX=0x0000000127f58a8b is pointing into the stack for thread: 0x00007f95c5033800
RCX=0x0000000109fd7c70: UseMembar+0 in /Library/Java/JavaVirtualMachines/jdk1.8.0_31.jdk/Contents/Home/jre/lib/server/libjvm.dylib at 0x0000000109800000
RDX=0x0000000127f58a8b is pointing into the stack for thread: 0x00007f95c5033800
RSP=0x0000000127f589d0 is pointing into the stack for thread: 0x00007f95c5033800
RBP=0x0000000127f589e0 is pointing into the stack for thread: 0x00007f95c5033800
RSI=0x00007f95c5033800 is a thread
RDI=0x6c706d4972650002 is an unknown value
R8 =0x0000000000000002 is an unknown value
R9 =0x00007f95c3e00000 is an unknown value
R10=0x0000000000000020 is an unknown value
R11=0x00007f95c3e00000 is an unknown value
R12=0x00007f95c5033800 is a thread
R13=0x6c706d4972650002 is an unknown value
R14=0x6c706d4972650002 is an unknown value
R15=0x00007f95c3d1f180 is an unknown value


Stack: [0x0000000127e59000,0x0000000127f59000],  sp=0x0000000127f589d0,  free space=1022k
Native frames: (J=compiled Java code, j=interpreted, Vv=VM code, C=native code)
V  [libjvm.dylib+0x42317c]
V  [libjvm.dylib+0x33519e]
C  [libjdwp.dylib+0x207dc]  isMethodSynthetic+0x63
C  [libjdwp.dylib+0x5263]  methods1+0x10b
C  [libjdwp.dylib+0x535c]  methodsWithGeneric+0xe
C  [libjdwp.dylib+0xe8f6]  debugLoop_run+0x1ce
C  [libjdwp.dylib+0x1f716]  attachThread+0x4d
V  [libjvm.dylib+0x3761fe]
V  [libjvm.dylib+0x5360cf]
V  [libjvm.dylib+0x53780c]
V  [libjvm.dylib+0x45d772]
C  [libsystem_pthread.dylib+0x3268]  _pthread_body+0x83
C  [libsystem_pthread.dylib+0x31e5]  _pthread_body+0x0
C  [libsystem_pthread.dylib+0x141d]  thread_start+0xd
C  0x0000000000000000


---------------  P R O C E S S  ---------------

Java Threads: ( => current thread )
  0x00007f95c5019800 JavaThread "Service Thread" daemon [_thread_blocked, id=22275, stack(0x000000012856e000,0x000000012866e000)]
  0x00007f95c6005000 JavaThread "C1 CompilerThread3" daemon [_thread_blocked, id=21763, stack(0x000000012846b000,0x000000012856b000)]
  0x00007f95c6003800 JavaThread "C2 CompilerThread2" daemon [_thread_blocked, id=21251, stack(0x0000000128368000,0x0000000128468000)]
  0x00007f95c6004800 JavaThread "C2 CompilerThread1" daemon [_thread_blocked, id=20739, stack(0x0000000128265000,0x0000000128365000)]
  0x00007f95c5032800 JavaThread "C2 CompilerThread0" daemon [_thread_blocked, id=20227, stack(0x0000000128162000,0x0000000128262000)]
  0x00007f95c6002800 JavaThread "JDWP Command Reader" daemon [_thread_in_native, id=19715, stack(0x000000012805f000,0x000000012815f000)]
  0x00007f95c4034000 JavaThread "JDWP Event Helper Thread" daemon [_thread_blocked, id=19203, stack(0x0000000127f5c000,0x000000012805c000)]
=>0x00007f95c5033800 JavaThread "JDWP Transport Listener: dt_socket" daemon [_thread_in_vm, id=18691, stack(0x0000000127e59000,0x0000000127f59000)]
  0x00007f95c6010800 JavaThread "Signal Dispatcher" daemon [_thread_blocked, id=15627, stack(0x0000000127d56000,0x0000000127e56000)]
  0x00007f95c4826800 JavaThread "Finalizer" daemon [_thread_blocked, id=13571, stack(0x000000012633f000,0x000000012643f000)]
  0x00007f95c4826000 JavaThread "Reference Handler" daemon [_thread_blocked, id=13059, stack(0x000000012623c000,0x000000012633c000)]
  0x00007f95c5002800 JavaThread "main" [_thread_blocked, id=4867, stack(0x000000010a720000,0x000000010a820000)]

Other Threads:
  0x00007f95c401f000 VMThread [stack: 0x0000000126139000,0x0000000126239000] [id=12547]
  0x00007f95c501a000 WatcherThread [stack: 0x0000000128671000,0x0000000128771000] [id=22787]

VM state:not at safepoint (normal execution)

VM Mutex/Monitor currently owned by a thread: None

Heap:
 PSYoungGen      total 263168K, used 79302K [0x000000076ab00000, 0x000000077af00000, 0x00000007c0000000)
  eden space 261632K, 29% used [0x000000076ab00000,0x000000076f6f1b68,0x000000077aa80000)
  from space 1536K, 99% used [0x000000077ac80000,0x000000077adffd18,0x000000077ae00000)
  to   space 2048K, 0% used [0x000000077aa80000,0x000000077aa80000,0x000000077ac80000)
 ParOldGen       total 175104K, used 384K [0x00000006c0000000, 0x00000006cab00000, 0x000000076ab00000)
  object space 175104K, 0% used [0x00000006c0000000,0x00000006c0060328,0x00000006cab00000)
 Metaspace       used 4750K, capacity 5408K, committed 5760K, reserved 1056768K
  class space    used 517K, capacity 528K, committed 640K, reserved 1048576K

Card table byte_map: [0x0000000119c2d000,0x000000011a42e000] byte_map_base: 0x000000011662d000

Marking Bits: (ParMarkBitMap*) 0x000000010a09e410
 Begin Bits: [0x000000011b19c000, 0x000000011f19c000)
 End Bits:   [0x000000011f19c000, 0x000000012319c000)

Polling page: 0x00000001087d3000

CodeCache: size=245760Kb used=2881Kb max_used=2881Kb free=242878Kb
 bounds [0x000000010a86d000, 0x000000010ab4d000, 0x000000011986d000]
 total_blobs=741 nmethods=497 adapters=167
 compilation: enabled

Compilation events (10 events):
Event: 52.028 Thread 0x00007f95c6005000  494       3       org.jsoup.nodes.Element::parent (8 bytes)
Event: 52.028 Thread 0x00007f95c6005000 nmethod 494 0x000000010ab34d90 code [0x000000010ab34f00, 0x000000010ab35150]
Event: 52.028 Thread 0x00007f95c6005000  493       1       org.jsoup.nodes.Node::siblingIndex (5 bytes)
Event: 52.028 Thread 0x00007f95c6005000 nmethod 493 0x000000010ab351d0 code [0x000000010ab35320, 0x000000010ab35430]
Event: 53.172 Thread 0x00007f95c6005000  495       1       org.jsoup.nodes.Document$OutputSettings::indentAmount (5 bytes)
Event: 53.172 Thread 0x00007f95c6005000 nmethod 495 0x000000010ab35490 code [0x000000010ab355e0, 0x000000010ab356f0]
Event: 53.172 Thread 0x00007f95c6005000  496       3       org.jsoup.nodes.TextNode::nodeName (3 bytes)
Event: 53.173 Thread 0x00007f95c6005000 nmethod 496 0x000000010ab35750 code [0x000000010ab358c0, 0x000000010ab35a10]
Event: 53.173 Thread 0x00007f95c6005000  497       3       org.jsoup.nodes.Entities::escape (447 bytes)
Event: 53.178 Thread 0x00007f95c6005000 nmethod 497 0x000000010ab35a90 code [0x000000010ab36140, 0x000000010ab3ab68]

GC Heap History (10 events):
Event: 0.515 GC heap before
{Heap before GC invocations=2 (full 0):
 PSYoungGen      total 76288K, used 66232K [0x000000076ab00000, 0x0000000770000000, 0x00000007c0000000)
  eden space 65536K, 99% used [0x000000076ab00000,0x000000076eac4ae0,0x000000076eb00000)
  from space 10752K, 8% used [0x000000076eb00000,0x000000076ebe9550,0x000000076f580000)
  to   space 10752K, 0% used [0x000000076f580000,0x000000076f580000,0x0000000770000000)
 ParOldGen       total 175104K, used 8K [0x00000006c0000000, 0x00000006cab00000, 0x000000076ab00000)
  object space 175104K, 0% used [0x00000006c0000000,0x00000006c0002000,0x00000006cab00000)
 Metaspace       used 3465K, capacity 4498K, committed 4864K, reserved 1056768K
  class space    used 372K, capacity 386K, committed 512K, reserved 1048576K
Event: 0.516 GC heap after
Heap after GC invocations=2 (full 0):
 PSYoungGen      total 76288K, used 977K [0x000000076ab00000, 0x0000000774000000, 0x00000007c0000000)
  eden space 65536K, 0% used [0x000000076ab00000,0x000000076ab00000,0x000000076eb00000)
  from space 10752K, 9% used [0x000000076f580000,0x000000076f674470,0x0000000770000000)
  to   space 10752K, 0% used [0x000000076eb00000,0x000000076eb00000,0x000000076f580000)
 ParOldGen       total 175104K, used 16K [0x00000006c0000000, 0x00000006cab00000, 0x000000076ab00000)
  object space 175104K, 0% used [0x00000006c0000000,0x00000006c0004000,0x00000006cab00000)
 Metaspace       used 3465K, capacity 4498K, committed 4864K, reserved 1056768K
  class space    used 372K, capacity 386K, committed 512K, reserved 1048576K
}
Event: 0.530 GC heap before
{Heap before GC invocations=3 (full 0):
 PSYoungGen      total 76288K, used 66368K [0x000000076ab00000, 0x0000000774000000, 0x00000007c0000000)
  eden space 65536K, 99% used [0x000000076ab00000,0x000000076eadbee8,0x000000076eb00000)
  from space 10752K, 9% used [0x000000076f580000,0x000000076f674470,0x0000000770000000)
  to   space 10752K, 0% used [0x000000076eb00000,0x000000076eb00000,0x000000076f580000)
 ParOldGen       total 175104K, used 16K [0x00000006c0000000, 0x00000006cab00000, 0x000000076ab00000)
  object space 175104K, 0% used [0x00000006c0000000,0x00000006c0004000,0x00000006cab00000)
 Metaspace       used 3465K, capacity 4498K, committed 4864K, reserved 1056768K
  class space    used 372K, capacity 386K, committed 512K, reserved 1048576K
Event: 0.531 GC heap after
Heap after GC invocations=3 (full 0):
 PSYoungGen      total 76288K, used 855K [0x000000076ab00000, 0x0000000774000000, 0x00000007c0000000)
  eden space 65536K, 0% used [0x000000076ab00000,0x000000076ab00000,0x000000076eb00000)
  from space 10752K, 7% used [0x000000076eb00000,0x000000076ebd5d68,0x000000076f580000)
  to   space 10752K, 0% used [0x0000000773580000,0x0000000773580000,0x0000000774000000)
 ParOldGen       total 175104K, used 24K [0x00000006c0000000, 0x00000006cab00000, 0x000000076ab00000)
  object space 175104K, 0% used [0x00000006c0000000,0x00000006c0006000,0x00000006cab00000)
 Metaspace       used 3465K, capacity 4498K, committed 4864K, reserved 1056768K
  class space    used 372K, capacity 386K, committed 512K, reserved 1048576K
}
Event: 0.555 GC heap before
{Heap before GC invocations=4 (full 0):
 PSYoungGen      total 76288K, used 66233K [0x000000076ab00000, 0x0000000774000000, 0x00000007c0000000)
  eden space 65536K, 99% used [0x000000076ab00000,0x000000076ead8990,0x000000076eb00000)
  from space 10752K, 7% used [0x000000076eb00000,0x000000076ebd5d68,0x000000076f580000)
  to   space 10752K, 0% used [0x0000000773580000,0x0000000773580000,0x0000000774000000)
 ParOldGen       total 175104K, used 24K [0x00000006c0000000, 0x00000006cab00000, 0x000000076ab00000)
  object space 175104K, 0% used [0x00000006c0000000,0x00000006c0006000,0x00000006cab00000)
 Metaspace       used 3465K, capacity 4498K, committed 4864K, reserved 1056768K
  class space    used 372K, capacity 386K, committed 512K, reserved 1048576K
Event: 0.556 GC heap after
Heap after GC invocations=4 (full 0):
 PSYoungGen      total 141824K, used 1009K [0x000000076ab00000, 0x0000000774000000, 0x00000007c0000000)
  eden space 131072K, 0% used [0x000000076ab00000,0x000000076ab00000,0x0000000772b00000)
  from space 10752K, 9% used [0x0000000773580000,0x000000077367c770,0x0000000774000000)
  to   space 10752K, 0% used [0x0000000772b00000,0x0000000772b00000,0x0000000773580000)
 ParOldGen       total 175104K, used 24K [0x00000006c0000000, 0x00000006cab00000, 0x000000076ab00000)
  object space 175104K, 0% used [0x00000006c0000000,0x00000006c0006000,0x00000006cab00000)
 Metaspace       used 3465K, capacity 4498K, committed 4864K, reserved 1056768K
  class space    used 372K, capacity 386K, committed 512K, reserved 1048576K
}
Event: 0.602 GC heap before
{Heap before GC invocations=5 (full 0):
 PSYoungGen      total 141824K, used 131947K [0x000000076ab00000, 0x0000000774000000, 0x00000007c0000000)
  eden space 131072K, 99% used [0x000000076ab00000,0x0000000772ade4b8,0x0000000772b00000)
  from space 10752K, 9% used [0x0000000773580000,0x000000077367c770,0x0000000774000000)
  to   space 10752K, 0% used [0x0000000772b00000,0x0000000772b00000,0x0000000773580000)
 ParOldGen       total 175104K, used 24K [0x00000006c0000000, 0x00000006cab00000, 0x000000076ab00000)
  object space 175104K, 0% used [0x00000006c0000000,0x00000006c0006000,0x00000006cab00000)
 Metaspace       used 3465K, capacity 4498K, committed 4864K, reserved 1056768K
  class space    used 372K, capacity 386K, committed 512K, reserved 1048576K
Event: 0.603 GC heap after
Heap after GC invocations=5 (full 0):
 PSYoungGen      total 141824K, used 1149K [0x000000076ab00000, 0x000000077ae00000, 0x00000007c0000000)
  eden space 131072K, 0% used [0x000000076ab00000,0x000000076ab00000,0x0000000772b00000)
  from space 10752K, 10% used [0x0000000772b00000,0x0000000772c1f650,0x0000000773580000)
  to   space 1536K, 0% used [0x000000077ac80000,0x000000077ac80000,0x000000077ae00000)
 ParOldGen       total 175104K, used 24K [0x00000006c0000000, 0x00000006cab00000, 0x000000076ab00000)
  object space 175104K, 0% used [0x00000006c0000000,0x00000006c0006000,0x00000006cab00000)
 Metaspace       used 3465K, capacity 4498K, committed 4864K, reserved 1056768K
  class space    used 372K, capacity 386K, committed 512K, reserved 1048576K
}
Event: 0.893 GC heap before
{Heap before GC invocations=6 (full 0):
 PSYoungGen      total 141824K, used 132221K [0x000000076ab00000, 0x000000077ae00000, 0x00000007c0000000)
  eden space 131072K, 100% used [0x000000076ab00000,0x0000000772b00000,0x0000000772b00000)
  from space 10752K, 10% used [0x0000000772b00000,0x0000000772c1f650,0x0000000773580000)
  to   space 1536K, 0% used [0x000000077ac80000,0x000000077ac80000,0x000000077ae00000)
 ParOldGen       total 175104K, used 24K [0x00000006c0000000, 0x00000006cab00000, 0x000000076ab00000)
  object space 175104K, 0% used [0x00000006c0000000,0x00000006c0006000,0x00000006cab00000)
 Metaspace       used 4639K, capacity 5344K, committed 5504K, reserved 1056768K
  class space    used 504K, capacity 528K, committed 640K, reserved 1048576K
Event: 0.896 GC heap after
Heap after GC invocations=6 (full 0):
 PSYoungGen      total 263168K, used 1535K [0x000000076ab00000, 0x000000077af00000, 0x00000007c0000000)
  eden space 261632K, 0% used [0x000000076ab00000,0x000000076ab00000,0x000000077aa80000)
  from space 1536K, 99% used [0x000000077ac80000,0x000000077adffd18,0x000000077ae00000)
  to   space 2048K, 0% used [0x000000077aa80000,0x000000077aa80000,0x000000077ac80000)
 ParOldGen       total 175104K, used 384K [0x00000006c0000000, 0x00000006cab00000, 0x000000076ab00000)
  object space 175104K, 0% used [0x00000006c0000000,0x00000006c0060328,0x00000006cab00000)
 Metaspace       used 4639K, capacity 5344K, committed 5504K, reserved 1056768K
  class space    used 504K, capacity 528K, committed 640K, reserved 1048576K
}

Deoptimization events (0 events):
No events

Internal exceptions (10 events):
Event: 0.717 Thread 0x00007f95c5002800 Exception <a 'java/security/PrivilegedActionException'> (0x00000007703bcfd0) thrown at [/Users/java_re/workspace/8-2-build-macosx-x86_64/jdk8u31/2394/hotspot/src/share/vm/prims/jvm.cpp, line 1312]
Event: 0.720 Thread 0x00007f95c5002800 Exception <a 'java/security/PrivilegedActionException'> (0x00000007703cb328) thrown at [/Users/java_re/workspace/8-2-build-macosx-x86_64/jdk8u31/2394/hotspot/src/share/vm/prims/jvm.cpp, line 1312]
Event: 0.801 Thread 0x00007f95c5002800 Exception <a 'java/security/PrivilegedActionException'> (0x000000077058f518) thrown at [/Users/java_re/workspace/8-2-build-macosx-x86_64/jdk8u31/2394/hotspot/src/share/vm/prims/jvm.cpp, line 1312]
Event: 0.801 Thread 0x00007f95c5002800 Exception <a 'java/security/PrivilegedActionException'> (0x00000007705935b0) thrown at [/Users/java_re/workspace/8-2-build-macosx-x86_64/jdk8u31/2394/hotspot/src/share/vm/prims/jvm.cpp, line 1312]
Event: 0.802 Thread 0x00007f95c5002800 Exception <a 'java/security/PrivilegedActionException'> (0x000000077059e270) thrown at [/Users/java_re/workspace/8-2-build-macosx-x86_64/jdk8u31/2394/hotspot/src/share/vm/prims/jvm.cpp, line 1312]
Event: 0.803 Thread 0x00007f95c5002800 Exception <a 'java/security/PrivilegedActionException'> (0x00000007705a2c38) thrown at [/Users/java_re/workspace/8-2-build-macosx-x86_64/jdk8u31/2394/hotspot/src/share/vm/prims/jvm.cpp, line 1312]
Event: 0.807 Thread 0x00007f95c5002800 Exception <a 'java/security/PrivilegedActionException'> (0x00000007705b6e38) thrown at [/Users/java_re/workspace/8-2-build-macosx-x86_64/jdk8u31/2394/hotspot/src/share/vm/prims/jvm.cpp, line 1312]
Event: 11.595 Thread 0x00007f95c5002800 Exception <a 'java/security/PrivilegedActionException'> (0x000000076ea56908) thrown at [/Users/java_re/workspace/8-2-build-macosx-x86_64/jdk8u31/2394/hotspot/src/share/vm/prims/jvm.cpp, line 1312]
Event: 11.596 Thread 0x00007f95c5002800 Exception <a 'java/security/PrivilegedActionException'> (0x000000076ea5b7e8) thrown at [/Users/java_re/workspace/8-2-build-macosx-x86_64/jdk8u31/2394/hotspot/src/share/vm/prims/jvm.cpp, line 1312]
Event: 35.025 Thread 0x00007f95c5002800 Exception <a 'java/security/PrivilegedActionException'> (0x000000076ea60710) thrown at [/Users/java_re/workspace/8-2-build-macosx-x86_64/jdk8u31/2394/hotspot/src/share/vm/prims/jvm.cpp, line 1312]

Events (10 events):
Event: 1802.361 Executing VM operation: GetCurrentLocation
Event: 1802.361 Executing VM operation: GetCurrentLocation done
Event: 1802.361 Executing VM operation: EnterInterpOnlyMode
Event: 1802.361 Executing VM operation: EnterInterpOnlyMode done
Event: 1802.361 Executing VM operation: ChangeSingleStep
Event: 1802.361 Executing VM operation: ChangeSingleStep done
Event: 1802.361 Executing VM operation: ChangeSingleStep
Event: 1802.361 Executing VM operation: ChangeSingleStep done
Event: 1869.442 Executing VM operation: RedefineClasses
Event: 1869.451 Executing VM operation: RedefineClasses done


Dynamic libraries:
0x0000000006e1e000 	/System/Library/Frameworks/Cocoa.framework/Versions/A/Cocoa
0x0000000006e1e000 	/System/Library/Frameworks/Security.framework/Versions/A/Security
0x0000000006e1e000 	/System/Library/Frameworks/ApplicationServices.framework/Versions/A/ApplicationServices
0x0000000006e1e000 	/usr/lib/libz.1.dylib
0x0000000006e1e000 	/usr/lib/libSystem.B.dylib
0x0000000006e1e000 	/usr/lib/libobjc.A.dylib
0x0000000006e1e000 	/System/Library/Frameworks/CoreFoundation.framework/Versions/A/CoreFoundation
0x0000000006e1e000 	/System/Library/Frameworks/Foundation.framework/Versions/C/Foundation
0x0000000006e1e000 	/System/Library/Frameworks/AppKit.framework/Versions/C/AppKit
0x0000000006e1e000 	/System/Library/Frameworks/CoreData.framework/Versions/A/CoreData
0x0000000006e1e000 	/System/Library/PrivateFrameworks/RemoteViewServices.framework/Versions/A/RemoteViewServices
0x0000000006e1e000 	/System/Library/PrivateFrameworks/UIFoundation.framework/Versions/A/UIFoundation
0x0000000006e1e000 	/System/Library/Frameworks/IOSurface.framework/Versions/A/IOSurface
0x0000000006e1e000 	/System/Library/Frameworks/AudioToolbox.framework/Versions/A/AudioToolbox
0x0000000006e1e000 	/System/Library/Frameworks/AudioUnit.framework/Versions/A/AudioUnit
0x0000000006e1e000 	/System/Library/PrivateFrameworks/DataDetectorsCore.framework/Versions/A/DataDetectorsCore
0x0000000006e1e000 	/System/Library/PrivateFrameworks/DesktopServicesPriv.framework/Versions/A/DesktopServicesPriv
0x0000000006e1e000 	/System/Library/Frameworks/Carbon.framework/Versions/A/Frameworks/HIToolbox.framework/Versions/A/HIToolbox
0x0000000006e1e000 	/System/Library/Frameworks/QuartzCore.framework/Versions/A/QuartzCore
0x0000000006e1e000 	/System/Library/Frameworks/Carbon.framework/Versions/A/Frameworks/SpeechRecognition.framework/Versions/A/SpeechRecognition
0x0000000006e1e000 	/usr/lib/libauto.dylib
0x0000000006e1e000 	/usr/lib/libicucore.A.dylib
0x0000000006e1e000 	/usr/lib/libxml2.2.dylib
0x0000000006e1e000 	/System/Library/PrivateFrameworks/CoreUI.framework/Versions/A/CoreUI
0x0000000006e1e000 	/System/Library/Frameworks/CoreAudio.framework/Versions/A/CoreAudio
0x0000000006e1e000 	/System/Library/Frameworks/DiskArbitration.framework/Versions/A/DiskArbitration
0x0000000006e1e000 	/usr/lib/liblangid.dylib
0x0000000006e1e000 	/System/Library/PrivateFrameworks/MultitouchSupport.framework/Versions/A/MultitouchSupport
0x0000000006e1e000 	/System/Library/Frameworks/IOKit.framework/Versions/A/IOKit
0x0000000006e1e000 	/usr/lib/libDiagnosticMessagesClient.dylib
0x0000000006e1e000 	/System/Library/Frameworks/CoreServices.framework/Versions/A/CoreServices
0x0000000006e1e000 	/System/Library/PrivateFrameworks/PerformanceAnalysis.framework/Versions/A/PerformanceAnalysis
0x0000000006e1e000 	/System/Library/PrivateFrameworks/GenerationalStorage.framework/Versions/A/GenerationalStorage
0x0000000006e1e000 	/System/Library/Frameworks/OpenGL.framework/Versions/A/OpenGL
0x0000000006e1e000 	/System/Library/PrivateFrameworks/Sharing.framework/Versions/A/Sharing
0x0000000006e1e000 	/System/Library/Frameworks/CoreGraphics.framework/Versions/A/CoreGraphics
0x0000000006e1e000 	/System/Library/Frameworks/CoreText.framework/Versions/A/CoreText
0x0000000006e1e000 	/System/Library/Frameworks/ImageIO.framework/Versions/A/ImageIO
0x0000000006e1e000 	/usr/lib/libextension.dylib
0x0000000006e1e000 	/System/Library/PrivateFrameworks/Backup.framework/Versions/A/Backup
0x0000000006e1e000 	/usr/lib/libarchive.2.dylib
0x0000000006e1e000 	/System/Library/Frameworks/CFNetwork.framework/Versions/A/CFNetwork
0x0000000006e1e000 	/System/Library/Frameworks/SystemConfiguration.framework/Versions/A/SystemConfiguration
0x0000000006e1e000 	/usr/lib/libCRFSuite.dylib
0x0000000006e1e000 	/usr/lib/libc++.1.dylib
0x0000000006e1e000 	/usr/lib/libc++abi.dylib
0x0000000006e1e000 	/usr/lib/system/libcache.dylib
0x0000000006e1e000 	/usr/lib/system/libcommonCrypto.dylib
0x0000000006e1e000 	/usr/lib/system/libcompiler_rt.dylib
0x0000000006e1e000 	/usr/lib/system/libcopyfile.dylib
0x0000000006e1e000 	/usr/lib/system/libcorecrypto.dylib
0x0000000006e1e000 	/usr/lib/system/libdispatch.dylib
0x0000000006e1e000 	/usr/lib/system/libdyld.dylib
0x0000000006e1e000 	/usr/lib/system/libkeymgr.dylib
0x0000000006e1e000 	/usr/lib/system/liblaunch.dylib
0x0000000006e1e000 	/usr/lib/system/libmacho.dylib
0x0000000006e1e000 	/usr/lib/system/libquarantine.dylib
0x0000000006e1e000 	/usr/lib/system/libremovefile.dylib
0x0000000006e1e000 	/usr/lib/system/libsystem_asl.dylib
0x0000000006e1e000 	/usr/lib/system/libsystem_blocks.dylib
0x0000000006e1e000 	/usr/lib/system/libsystem_c.dylib
0x0000000006e1e000 	/usr/lib/system/libsystem_configuration.dylib
0x0000000006e1e000 	/usr/lib/system/libsystem_coreservices.dylib
0x0000000006e1e000 	/usr/lib/system/libsystem_coretls.dylib
0x0000000006e1e000 	/usr/lib/system/libsystem_dnssd.dylib
0x0000000006e1e000 	/usr/lib/system/libsystem_info.dylib
0x0000000006e1e000 	/usr/lib/system/libsystem_kernel.dylib
0x0000000006e1e000 	/usr/lib/system/libsystem_m.dylib
0x0000000006e1e000 	/usr/lib/system/libsystem_malloc.dylib
0x0000000006e1e000 	/usr/lib/system/libsystem_network.dylib
0x0000000006e1e000 	/usr/lib/system/libsystem_networkextension.dylib
0x0000000006e1e000 	/usr/lib/system/libsystem_notify.dylib
0x0000000006e1e000 	/usr/lib/system/libsystem_platform.dylib
0x0000000006e1e000 	/usr/lib/system/libsystem_pthread.dylib
0x0000000006e1e000 	/usr/lib/system/libsystem_sandbox.dylib
0x0000000006e1e000 	/usr/lib/system/libsystem_secinit.dylib
0x0000000006e1e000 	/usr/lib/system/libsystem_stats.dylib
0x0000000006e1e000 	/usr/lib/system/libsystem_trace.dylib
0x0000000006e1e000 	/usr/lib/system/libunc.dylib
0x0000000006e1e000 	/usr/lib/system/libunwind.dylib
0x0000000006e1e000 	/usr/lib/system/libxpc.dylib
0x0000000006e1e000 	/usr/lib/libbz2.1.0.dylib
0x0000000006e1e000 	/usr/lib/liblzma.5.dylib
0x0000000006e1e000 	/usr/lib/libbsm.0.dylib
0x0000000006e1e000 	/usr/lib/libsqlite3.dylib
0x0000000006e1e000 	/usr/lib/system/libkxld.dylib
0x0000000006e1e000 	/usr/lib/libxar.1.dylib
0x0000000006e1e000 	/usr/lib/libpam.2.dylib
0x0000000006e1e000 	/usr/lib/libOpenScriptingUtil.dylib
0x0000000006e1e000 	/System/Library/Frameworks/CoreServices.framework/Versions/A/Frameworks/FSEvents.framework/Versions/A/FSEvents
0x0000000006e1e000 	/System/Library/Frameworks/CoreServices.framework/Versions/A/Frameworks/CarbonCore.framework/Versions/A/CarbonCore
0x0000000006e1e000 	/System/Library/Frameworks/CoreServices.framework/Versions/A/Frameworks/Metadata.framework/Versions/A/Metadata
0x0000000006e1e000 	/System/Library/Frameworks/CoreServices.framework/Versions/A/Frameworks/OSServices.framework/Versions/A/OSServices
0x0000000006e1e000 	/System/Library/Frameworks/CoreServices.framework/Versions/A/Frameworks/SearchKit.framework/Versions/A/SearchKit
0x0000000006e1e000 	/System/Library/Frameworks/CoreServices.framework/Versions/A/Frameworks/AE.framework/Versions/A/AE
0x0000000006e1e000 	/System/Library/Frameworks/CoreServices.framework/Versions/A/Frameworks/LaunchServices.framework/Versions/A/LaunchServices
0x0000000006e1e000 	/System/Library/Frameworks/CoreServices.framework/Versions/A/Frameworks/DictionaryServices.framework/Versions/A/DictionaryServices
0x0000000006e1e000 	/System/Library/Frameworks/NetFS.framework/Versions/A/NetFS
0x0000000006e1e000 	/System/Library/PrivateFrameworks/NetAuth.framework/Versions/A/NetAuth
0x0000000006e1e000 	/System/Library/PrivateFrameworks/login.framework/Versions/A/Frameworks/loginsupport.framework/Versions/A/loginsupport
0x0000000006e1e000 	/System/Library/PrivateFrameworks/TCC.framework/Versions/A/TCC
0x0000000006e1e000 	/usr/lib/libmecabra.dylib
0x0000000006e1e000 	/System/Library/Frameworks/ApplicationServices.framework/Versions/A/Frameworks/ATS.framework/Versions/A/ATS
0x0000000006e1e000 	/System/Library/Frameworks/ApplicationServices.framework/Versions/A/Frameworks/ColorSync.framework/Versions/A/ColorSync
0x0000000006e1e000 	/System/Library/Frameworks/ApplicationServices.framework/Versions/A/Frameworks/HIServices.framework/Versions/A/HIServices
0x0000000006e1e000 	/System/Library/Frameworks/ApplicationServices.framework/Versions/A/Frameworks/LangAnalysis.framework/Versions/A/LangAnalysis
0x0000000006e1e000 	/System/Library/Frameworks/ApplicationServices.framework/Versions/A/Frameworks/PrintCore.framework/Versions/A/PrintCore
0x0000000006e1e000 	/System/Library/Frameworks/ApplicationServices.framework/Versions/A/Frameworks/QD.framework/Versions/A/QD
0x0000000006e1e000 	/System/Library/Frameworks/ApplicationServices.framework/Versions/A/Frameworks/SpeechSynthesis.framework/Versions/A/SpeechSynthesis
0x0000000006e1e000 	/System/Library/Frameworks/Accelerate.framework/Versions/A/Accelerate
0x0000000006e1e000 	/System/Library/Frameworks/Accelerate.framework/Versions/A/Frameworks/vImage.framework/Versions/A/vImage
0x0000000006e1e000 	/System/Library/Frameworks/Accelerate.framework/Versions/A/Frameworks/vecLib.framework/Versions/A/vecLib
0x0000000006e1e000 	/System/Library/Frameworks/Accelerate.framework/Versions/A/Frameworks/vecLib.framework/Versions/A/libvDSP.dylib
0x0000000006e1e000 	/System/Library/Frameworks/Accelerate.framework/Versions/A/Frameworks/vecLib.framework/Versions/A/libvMisc.dylib
0x0000000006e1e000 	/System/Library/Frameworks/Accelerate.framework/Versions/A/Frameworks/vecLib.framework/Versions/A/libLAPACK.dylib
0x0000000006e1e000 	/System/Library/Frameworks/Accelerate.framework/Versions/A/Frameworks/vecLib.framework/Versions/A/libBLAS.dylib
0x0000000006e1e000 	/System/Library/Frameworks/Accelerate.framework/Versions/A/Frameworks/vecLib.framework/Versions/A/libLinearAlgebra.dylib
0x0000000006e1e000 	/System/Library/Frameworks/ApplicationServices.framework/Versions/A/Frameworks/ATS.framework/Versions/A/Resources/libFontParser.dylib
0x0000000006e1e000 	/System/Library/Frameworks/ApplicationServices.framework/Versions/A/Frameworks/ATS.framework/Versions/A/Resources/libFontRegistry.dylib
0x0000000006e1e000 	/System/Library/PrivateFrameworks/AppleVPA.framework/Versions/A/AppleVPA
0x0000000006e1e000 	/System/Library/PrivateFrameworks/AppleJPEG.framework/Versions/A/AppleJPEG
0x0000000006e1e000 	/System/Library/Frameworks/ImageIO.framework/Versions/A/Resources/libJPEG.dylib
0x0000000006e1e000 	/System/Library/Frameworks/ImageIO.framework/Versions/A/Resources/libTIFF.dylib
0x0000000006e1e000 	/System/Library/Frameworks/ImageIO.framework/Versions/A/Resources/libPng.dylib
0x0000000006e1e000 	/System/Library/Frameworks/ImageIO.framework/Versions/A/Resources/libGIF.dylib
0x0000000006e1e000 	/System/Library/Frameworks/ImageIO.framework/Versions/A/Resources/libJP2.dylib
0x0000000006e1e000 	/System/Library/Frameworks/ImageIO.framework/Versions/A/Resources/libRadiance.dylib
0x0000000006e1e000 	/System/Library/Frameworks/CoreVideo.framework/Versions/A/CoreVideo
0x0000000006e1e000 	/System/Library/Frameworks/OpenGL.framework/Versions/A/Libraries/libGLU.dylib
0x0000000006e1e000 	/System/Library/Frameworks/OpenGL.framework/Versions/A/Libraries/libGFXShared.dylib
0x0000000006e1e000 	/System/Library/Frameworks/OpenGL.framework/Versions/A/Libraries/libGL.dylib
0x0000000006e1e000 	/System/Library/Frameworks/OpenGL.framework/Versions/A/Libraries/libGLImage.dylib
0x0000000006e1e000 	/System/Library/Frameworks/OpenGL.framework/Versions/A/Libraries/libCVMSPluginSupport.dylib
0x0000000006e1e000 	/System/Library/Frameworks/OpenGL.framework/Versions/A/Libraries/libCoreVMClient.dylib
0x0000000006e1e000 	/usr/lib/libcups.2.dylib
0x0000000006e1e000 	/System/Library/Frameworks/Kerberos.framework/Versions/A/Kerberos
0x0000000006e1e000 	/System/Library/Frameworks/GSS.framework/Versions/A/GSS
0x0000000006e1e000 	/usr/lib/libresolv.9.dylib
0x0000000006e1e000 	/usr/lib/libiconv.2.dylib
0x0000000006e1e000 	/System/Library/PrivateFrameworks/Heimdal.framework/Versions/A/Heimdal
0x0000000006e1e000 	/usr/lib/libheimdal-asn1.dylib
0x0000000006e1e000 	/System/Library/Frameworks/OpenDirectory.framework/Versions/A/OpenDirectory
0x0000000006e1e000 	/System/Library/PrivateFrameworks/CommonAuth.framework/Versions/A/CommonAuth
0x0000000006e1e000 	/System/Library/Frameworks/OpenDirectory.framework/Versions/A/Frameworks/CFOpenDirectory.framework/Versions/A/CFOpenDirectory
0x0000000006e1e000 	/System/Library/Frameworks/SecurityFoundation.framework/Versions/A/SecurityFoundation
0x0000000006e1e000 	/System/Library/PrivateFrameworks/LanguageModeling.framework/Versions/A/LanguageModeling
0x0000000006e1e000 	/usr/lib/libcmph.dylib
0x0000000006e1e000 	/System/Library/Frameworks/ServiceManagement.framework/Versions/A/ServiceManagement
0x0000000006e1e000 	/usr/lib/libxslt.1.dylib
0x0000000006e1e000 	/System/Library/Frameworks/Carbon.framework/Versions/A/Frameworks/Ink.framework/Versions/A/Ink
0x0000000006e1e000 	/System/Library/Frameworks/QuartzCore.framework/Versions/A/Frameworks/CoreImage.framework/Versions/A/CoreImage
0x0000000006e1e000 	/System/Library/PrivateFrameworks/CrashReporterSupport.framework/Versions/A/CrashReporterSupport
0x0000000006e1e000 	/System/Library/Frameworks/OpenCL.framework/Versions/A/OpenCL
0x0000000006e1e000 	/System/Library/PrivateFrameworks/FaceCore.framework/Versions/A/FaceCore
0x0000000006e1e000 	/System/Library/PrivateFrameworks/Ubiquity.framework/Versions/A/Ubiquity
0x0000000006e1e000 	/System/Library/PrivateFrameworks/IconServices.framework/Versions/A/IconServices
0x0000000006e1e000 	/System/Library/PrivateFrameworks/ChunkingLibrary.framework/Versions/A/ChunkingLibrary
0x0000000006e1e000 	/System/Library/PrivateFrameworks/Apple80211.framework/Versions/A/Apple80211
0x0000000006e1e000 	/System/Library/Frameworks/CoreWLAN.framework/Versions/A/CoreWLAN
0x0000000006e1e000 	/System/Library/Frameworks/IOBluetooth.framework/Versions/A/IOBluetooth
0x0000000006e1e000 	/System/Library/PrivateFrameworks/CoreWiFi.framework/Versions/A/CoreWiFi
0x0000000006e1e000 	/System/Library/Frameworks/CoreBluetooth.framework/Versions/A/CoreBluetooth
0x0000000006e1e000 	/System/Library/PrivateFrameworks/DebugSymbols.framework/Versions/A/DebugSymbols
0x0000000006e1e000 	/System/Library/PrivateFrameworks/CoreSymbolication.framework/Versions/A/CoreSymbolication
0x0000000006e1e000 	/System/Library/PrivateFrameworks/Symbolication.framework/Versions/A/Symbolication
0x0000000006e1e000 	/System/Library/PrivateFrameworks/SpeechRecognitionCore.framework/Versions/A/SpeechRecognitionCore
0x0000000109800000 	/Library/Java/JavaVirtualMachines/jdk1.8.0_31.jdk/Contents/Home/jre/lib/server/libjvm.dylib
0x0000000006e1e000 	/usr/lib/libstdc++.6.dylib
0x0000000108791000 	/Library/Java/JavaVirtualMachines/jdk1.8.0_31.jdk/Contents/Home/jre/lib/libverify.dylib
0x000000010879f000 	/Library/Java/JavaVirtualMachines/jdk1.8.0_31.jdk/Contents/Home/jre/lib/libjava.dylib
0x000000010a822000 	/Library/Java/JavaVirtualMachines/jdk1.8.0_31.jdk/Contents/Home/jre/lib/libjdwp.dylib
0x00000001087d4000 	/Library/Java/JavaVirtualMachines/jdk1.8.0_31.jdk/Contents/Home/jre/lib/libnpt.dylib
0x00000001087e1000 	/Library/Java/JavaVirtualMachines/jdk1.8.0_31.jdk/Contents/Home/jre/lib/libzip.dylib
0x0000000126441000 	/System/Library/Frameworks/JavaVM.framework/Frameworks/JavaRuntimeSupport.framework/JavaRuntimeSupport
0x00000001087eb000 	/System/Library/Frameworks/JavaVM.framework/Versions/A/Frameworks/JavaNativeFoundation.framework/Versions/A/JavaNativeFoundation
0x0000000126459000 	/System/Library/Frameworks/JavaVM.framework/Versions/A/JavaVM
0x0000000006e1e000 	/System/Library/Frameworks/Carbon.framework/Versions/A/Carbon
0x0000000126466000 	/System/Library/PrivateFrameworks/JavaLaunching.framework/Versions/A/JavaLaunching
0x0000000006e1e000 	/System/Library/Frameworks/Carbon.framework/Versions/A/Frameworks/CommonPanels.framework/Versions/A/CommonPanels
0x0000000006e1e000 	/System/Library/Frameworks/Carbon.framework/Versions/A/Frameworks/Help.framework/Versions/A/Help
0x0000000006e1e000 	/System/Library/Frameworks/Carbon.framework/Versions/A/Frameworks/ImageCapture.framework/Versions/A/ImageCapture
0x0000000006e1e000 	/System/Library/Frameworks/Carbon.framework/Versions/A/Frameworks/OpenScripting.framework/Versions/A/OpenScripting
0x0000000006e1e000 	/System/Library/Frameworks/Carbon.framework/Versions/A/Frameworks/Print.framework/Versions/A/Print
0x0000000006e1e000 	/System/Library/Frameworks/Carbon.framework/Versions/A/Frameworks/SecurityHI.framework/Versions/A/SecurityHI
0x0000000126578000 	/Library/Java/JavaVirtualMachines/jdk1.8.0_31.jdk/Contents/Home/jre/lib/libdt_socket.dylib
0x00000001287af000 	/Library/Java/JavaVirtualMachines/jdk1.8.0_31.jdk/Contents/Home/jre/lib/libnet.dylib

VM Arguments:
jvm_args: -agentlib:jdwp=transport=dt_socket,suspend=y,address=localhost:59237 -Dfile.encoding=UTF-8 
java_command: GPROVisualisationTool
java_class_path (initial): /Users/joshtaylor/Documents/GPRO-Visualisation-Tool/GPRO-Visualisation-Tool/bin:/Users/joshtaylor/Documents/GPRO-Visualisation-Tool/GPRO-Visualisation-Tool/lib/jsoup-1.8.2.jar
Launcher Type: SUN_STANDARD

Environment Variables:
PATH=/usr/bin:/bin:/usr/sbin:/sbin
SHELL=/bin/bash

Signal Handlers:
SIGSEGV: [libjvm.dylib+0x57a0e7], sa_mask[0]=11111111011111110111111111111111, sa_flags=SA_ONSTACK|SA_RESTART|SA_SIGINFO
SIGBUS: [libjvm.dylib+0x57a0e7], sa_mask[0]=11111111011111110111111111111111, sa_flags=SA_RESTART|SA_SIGINFO
SIGFPE: [libjvm.dylib+0x45af24], sa_mask[0]=11111111011111110111111111111111, sa_flags=SA_RESTART|SA_SIGINFO
SIGPIPE: [libjvm.dylib+0x45af24], sa_mask[0]=11111111011111110111111111111111, sa_flags=SA_RESTART|SA_SIGINFO
SIGXFSZ: [libjvm.dylib+0x45af24], sa_mask[0]=11111111011111110111111111111111, sa_flags=SA_RESTART|SA_SIGINFO
SIGILL: [libjvm.dylib+0x45af24], sa_mask[0]=11111111011111110111111111111111, sa_flags=SA_RESTART|SA_SIGINFO
SIGUSR1: SIG_DFL, sa_mask[0]=00000000000000000000000000000000, sa_flags=none
SIGUSR2: [libjvm.dylib+0x45aa42], sa_mask[0]=00100000000000000000000000000000, sa_flags=SA_RESTART|SA_SIGINFO
SIGHUP: [libjvm.dylib+0x459015], sa_mask[0]=11111111011111110111111111111111, sa_flags=SA_RESTART|SA_SIGINFO
SIGINT: [libjvm.dylib+0x459015], sa_mask[0]=11111111011111110111111111111111, sa_flags=SA_RESTART|SA_SIGINFO
SIGTERM: [libjvm.dylib+0x459015], sa_mask[0]=11111111011111110111111111111111, sa_flags=SA_RESTART|SA_SIGINFO
SIGQUIT: [libjvm.dylib+0x459015], sa_mask[0]=11111111011111110111111111111111, sa_flags=SA_RESTART|SA_SIGINFO


---------------  S Y S T E M  ---------------

OS:Bsduname:Darwin 14.3.0 Darwin Kernel Version 14.3.0: Mon Mar 23 11:59:05 PDT 2015; root:xnu-2782.20.48~5/RELEASE_X86_64 x86_64
rlimit: STACK 8192k, CORE 0k, NPROC 709, NOFILE 10240, AS infinity
load average:2.06 1.82 1.80

CPU:total 8 (4 cores per cpu, 2 threads per core) family 6 model 58 stepping 9, cmov, cx8, fxsr, mmx, sse, sse2, sse3, ssse3, sse4.1, sse4.2, popcnt, avx, aes, clmul, erms, ht, tsc, tscinvbit, tscinv

Memory: 4k page, physical 16777216k(2756860k free)

/proc/meminfo:


vm_info: Java HotSpot(TM) 64-Bit Server VM (25.31-b07) for bsd-amd64 JRE (1.8.0_31-b13), built on Dec 17 2014 20:45:36 by "java_re" with gcc 4.2.1 (Based on Apple Inc. build 5658) (LLVM build 2336.11.00)

time: Sun May 31 00:05:32 2015
elapsed time: 1869 seconds (0d 0h 31m 9s)

